<?xml version="1.0" encoding="UTF-8"?>
<!-- Generated by org.testng.reporters.JUnitReportReporter -->
<testsuite hostname="Mohd_Rafi" name="com.mavenproject.seleniumwebdriver.testscripts.TestScript1" tests="2" failures="0" timestamp="16 Sep 2015 21:49:04 GMT" time="25.466" errors="0">
  <testcase name="test2" time="11.398" classname="com.mavenproject.seleniumwebdriver.testscripts.TestScript1"/>
  <testcase name="test1" time="14.068" classname="com.mavenproject.seleniumwebdriver.testscripts.TestScript1"/>
</testsuite> <!-- com.mavenproject.seleniumwebdriver.testscripts.TestScript1 -->
