<?xml version="1.0" encoding="UTF-8"?>
<!-- Generated by org.testng.reporters.JUnitReportReporter -->
<testsuite hostname="Mohd_Rafi" name="com.mavenproject.seleniumwebdriver.flipkart.testscripts.TestScript2Test" tests="3" failures="0" timestamp="16 Sep 2015 20:42:04 GMT" time="52.083" errors="0">
  <testcase name="test3" time="0.015" classname="com.mavenproject.seleniumwebdriver.flipkart.testscripts.TestScript2Test"/>
  <testcase name="test1" time="52.005" classname="com.mavenproject.seleniumwebdriver.flipkart.testscripts.TestScript2Test"/>
  <testcase name="test2" time="0.063" classname="com.mavenproject.seleniumwebdriver.flipkart.testscripts.TestScript2Test"/>
</testsuite> <!-- com.mavenproject.seleniumwebdriver.flipkart.testscripts.TestScript2Test -->
