<?xml version="1.0" encoding="UTF-8"?>
<!-- Generated by org.testng.reporters.JUnitReportReporter -->
<testsuite hostname="Mohd_Rafi" name="com.mavenproject.seleniumwebdriver.flipkart.testscripts.TestScript1Test" tests="2" failures="0" timestamp="16 Sep 2015 20:37:28 GMT" time="10.611" errors="0">
  <testcase name="test2" time="2.353" classname="com.mavenproject.seleniumwebdriver.flipkart.testscripts.TestScript1Test"/>
  <testcase name="test1" time="8.258" classname="com.mavenproject.seleniumwebdriver.flipkart.testscripts.TestScript1Test"/>
</testsuite>
