<?xml version="1.0" encoding="UTF-8"?>
<!-- Generated by org.testng.reporters.JUnitReportReporter -->
<testsuite hostname="Mohd_Rafi" name="com.mavenproject.seleniumwebdriver.flipkart.testscripts.TestScript1" tests="2" failures="0" timestamp="16 Sep 2015 20:46:01 GMT" time="9.248" errors="0">
  <testcase name="test2" time="1.819" classname="com.mavenproject.seleniumwebdriver.flipkart.testscripts.TestScript1"/>
  <testcase name="test1" time="7.429" classname="com.mavenproject.seleniumwebdriver.flipkart.testscripts.TestScript1"/>
</testsuite>
