<?xml version="1.0" encoding="UTF-8"?>
<!-- Generated by org.testng.reporters.JUnitReportReporter -->
<testsuite hostname="Mohd_Rafi" name="com.mavenproject.seleniumwebdriver.testscripts.TestScript1" tests="2" failures="0" timestamp="19 Sep 2015 10:55:42 GMT" time="12.295" errors="0">
  <testcase name="test1" time="10.246" classname="com.mavenproject.seleniumwebdriver.testscripts.TestScript1"/>
  <testcase name="test2" time="2.049" classname="com.mavenproject.seleniumwebdriver.testscripts.TestScript1"/>
</testsuite>
